\BOOKMARK [1][-]{section.1}{\376\377\000P\000R\000O\000F\000E\000S\000S\000I\000O\000N\000A\000L\000\040\000S\000U\000M\000M\000A\000R\000Y}{}% 1
\BOOKMARK [1][-]{section.2}{\376\377\000P\000R\000O\000F\000E\000S\000S\000I\000O\000N\000A\000L\000\040\000E\000X\000P\000E\000R\000I\000E\000N\000C\000E}{}% 2
\BOOKMARK [2][-]{subsection.2.1}{\376\377\000M\000u\000n\000d\000o\000m\000\355\000d\000i\000a\000\040\000L\000T\000D\000A\000,\000\040\000B\000e\000l\000o\000\040\000H\000o\000r\000i\000z\000o\000n\000t\000e\000\040\040\024\000\040\000F\000u\000l\000l\000\040\000S\000t\000a\000c\000k\000\040\000D\000e\000v\000e\000l\000o\000p\000e\000r}{section.2}% 3
\BOOKMARK [2][-]{subsection.2.2}{\376\377\000D\000a\000t\000a\000s\000m\000a\000r\000t\000,\000\040\000P\000o\000r\000t\000u\000g\000a\000l\000\040\040\024\000\040\000F\000u\000l\000l\000\040\000S\000t\000a\000c\000k\000\040\000D\000e\000v\000e\000l\000o\000p\000e\000r\000\040\000-\000\040\000P\000r\000o\000j\000e\000c\000t}{section.2}% 4
\BOOKMARK [2][-]{subsection.2.3}{\376\377\000S\000i\000l\000l\000i\000o\000n\000\040\000S\000e\000r\000v\000i\000\347\000o\000s\000\040\000d\000e\000\040\000T\000e\000c\000n\000o\000l\000o\000g\000i\000a\000\040\000L\000T\000D\000A\000,\000\040\000B\000e\000l\000o\000\040\000H\000o\000r\000i\000z\000o\000n\000t\000e\000\040\040\024\000\040\000F\000u\000l\000l\000\040\000S\000t\000a\000c\000k\000\040\000D\000e\000v\000e\000l\000o\000p\000e\000r}{section.2}% 5
\BOOKMARK [2][-]{subsection.2.4}{\376\377\000S\000t\000a\000t\000e\000\040\000o\000f\000\040\000M\000i\000n\000a\000s\000\040\000G\000e\000r\000a\000i\000s\000,\000\040\000M\000i\000n\000a\000s\000\040\000G\000e\000r\000a\000i\000s\000\040\040\024\000\040\000C\000o\000m\000p\000u\000t\000e\000r\000\040\000S\000c\000i\000e\000n\000c\000e\000\040\000T\000e\000a\000c\000h\000e\000r}{section.2}% 6
\BOOKMARK [2][-]{subsection.2.5}{\376\377\000S\000i\000d\000i\000m\000\040\000S\000i\000s\000t\000e\000m\000a\000s\000\040\000L\000T\000D\000A\000,\000\040\000B\000e\000l\000o\000\040\000H\000o\000r\000i\000z\000o\000n\000t\000e\000\040\040\024\000\040\000F\000u\000l\000l\000\040\000S\000t\000a\000c\000k\000\040\000D\000e\000v\000e\000l\000o\000p\000e\000r}{section.2}% 7
\BOOKMARK [1][-]{section.3}{\376\377\000E\000D\000U\000C\000A\000T\000I\000O\000N}{}% 8
\BOOKMARK [2][-]{subsection.3.1}{\376\377\000A\000m\000p\000l\000i\000,\000\040\000B\000e\000l\000o\000\040\000H\000o\000r\000i\000z\000o\000n\000t\000e\000\040\040\024\000\040\000T\000e\000c\000h\000n\000o\000l\000o\000g\000y\000\040\000D\000e\000g\000r\000e\000e}{section.3}% 9
\BOOKMARK [2][-]{subsection.3.2}{\376\377\000C\000o\000l\000\351\000g\000i\000o\000\040\000A\000u\000g\000u\000s\000t\000u\000s\000,\000\040\000B\000e\000l\000o\000\040\000H\000o\000r\000i\000z\000o\000n\000t\000e\000\040\040\024\000\040\000T\000e\000c\000h\000n\000i\000c\000a\000l\000\040\000D\000e\000g\000r\000e\000e}{section.3}% 10
\BOOKMARK [1][-]{section.4}{\376\377\000T\000E\000C\000H\000N\000I\000C\000A\000L\000\040\000S\000K\000I\000L\000L\000S}{}% 11
\BOOKMARK [2][-]{subsection.4.1}{\376\377\000B\000a\000c\000k\000-\000E\000n\000d}{section.4}% 12
\BOOKMARK [2][-]{subsection.4.2}{\376\377\000F\000r\000o\000n\000t\000-\000E\000n\000d}{section.4}% 13
\BOOKMARK [2][-]{subsection.4.3}{\376\377\000D\000a\000t\000a}{section.4}% 14
\BOOKMARK [2][-]{subsection.4.4}{\376\377\000D\000e\000v\000O\000p\000s\000\040\000a\000n\000d\000\040\000C\000l\000o\000u\000d}{section.4}% 15
\BOOKMARK [1][-]{section.5}{\376\377\000C\000O\000U\000R\000S\000E\000S\000\040\000A\000N\000D\000\040\000C\000E\000R\000T\000I\000F\000I\000C\000A\000T\000I\000O\000N\000S}{}% 16
\BOOKMARK [2][-]{subsection.5.1}{\376\377\000A\000l\000u\000r\000a\000\040\000\050\0002\0000\0001\0008\000-\0002\0000\0001\0009\000\051}{section.5}% 17
\BOOKMARK [2][-]{subsection.5.2}{\376\377\000U\000d\000e\000m\000y\000\040\000\050\0002\0000\0001\0009\000-\0002\0000\0002\0000\000\051}{section.5}% 18
\BOOKMARK [1][-]{section.6}{\376\377\000H\000I\000G\000H\000L\000I\000G\000H\000T\000\040\000P\000R\000O\000J\000E\000C\000T\000S}{}% 19
\BOOKMARK [1][-]{section.7}{\376\377\000P\000R\000O\000F\000E\000S\000S\000I\000O\000N\000A\000L\000\040\000C\000E\000R\000T\000I\000F\000I\000C\000A\000T\000I\000O\000N\000S}{}% 20
\BOOKMARK [1][-]{section.8}{\376\377\000L\000A\000N\000G\000U\000A\000G\000E\000S}{}% 21
